This is pdfTeX, Version 3.141592653-2.6-1.40.24 (MiKTeX 21.12.10) (preloaded format=pdflatex 2022.1.9)  31 OCT 2022 22:56
entering extended mode
 restricted \write18 enabled.
 %&-line parsing enabled.
**./medical.tex
(medical.tex
LaTeX2e <2021-11-15> patch level 1
L3 programming layer <2021-11-22>
! Undefined control sequence.
l.1 \section
            {–ú–µ–¥–∏–∫–∞–º–µ–Ω—Ç—ã –∏ —è–¥—ã}
The control sequence at the end of the top line
of your error message was never \def'ed. If you have
misspelled it (e.g., `\hobx'), type `I' and the correct
spelling (e.g., `I\hbox'). Otherwise just continue,
and I'll forget about whatever was undefined.


! LaTeX Error: Unicode character –ú (U+041C)
               not set up for use with LaTeX.

See the LaTeX manual or LaTeX Companion for explanation.
Type  H <return>  for immediate help.
 ...                                              
                                                  
l.1 \section{–ú
               –µ–¥–∏–∫–∞–º–µ–Ω—Ç—ã –∏ —è–¥—ã}
You may provide a definition with
\DeclareUnicodeCharacter 


! LaTeX Error: Unicode character –µ (U+0435)
               not set up for use with LaTeX.

See the LaTeX manual or LaTeX Companion for explanation.
Type  H <return>  for immediate help.
 ...                                              
                                                  
l.1 \section{–ú–µ
                 –¥–∏–∫–∞–º–µ–Ω—Ç—ã –∏ —è–¥—ã}
You may provide a definition with
\DeclareUnicodeCharacter 


! LaTeX Error: Unicode character –¥ (U+0434)
               not set up for use with LaTeX.

See the LaTeX manual or LaTeX Companion for explanation.
Type  H <return>  for immediate help.
 ...                                              
                                                  
l.1 \section{–ú–µ–¥
                   –∏–∫–∞–º–µ–Ω—Ç—ã –∏ —è–¥—ã}
You may provide a definition with
\DeclareUnicodeCharacter 


! LaTeX Error: Unicode character –∏ (U+0438)
               not set up for use with LaTeX.

See the LaTeX manual or LaTeX Companion for explanation.
Type  H <return>  for immediate help.
 ...                                              
                                                  
l.1 \section{–ú–µ–¥–∏
                     –∫–∞–º–µ–Ω—Ç—ã –∏ —è–¥—ã}
You may provide a definition with
\DeclareUnicodeCharacter 


! LaTeX Error: Unicode character –∫ (U+043A)
               not set up for use with LaTeX.

See the LaTeX manual or LaTeX Companion for explanation.
Type  H <return>  for immediate help.
 ...                                              
                                                  
l.1 \section{–ú–µ–¥–∏–∫
                       –∞–º–µ–Ω—Ç—ã –∏ —è–¥—ã}
You may provide a definition with
\DeclareUnicodeCharacter 


! LaTeX Error: Unicode character –∞ (U+0430)
               not set up for use with LaTeX.

See the LaTeX manual or LaTeX Companion for explanation.
Type  H <return>  for immediate help.
 ...                                              
                                                  
l.1 \section{–ú–µ–¥–∏–∫–∞
                         –º–µ–Ω—Ç—ã –∏ —è–¥—ã}
You may provide a definition with
\DeclareUnicodeCharacter 


! LaTeX Error: Unicode character –º (U+043C)
               not set up for use with LaTeX.

See the LaTeX manual or LaTeX Companion for explanation.
Type  H <return>  for immediate help.
 ...                                              
                                                  
l.1 \section{–ú–µ–¥–∏–∫–∞–º
                           –µ–Ω—Ç—ã –∏ —è–¥—ã}
You may provide a definition with
\DeclareUnicodeCharacter 


! LaTeX Error: Unicode character –µ (U+0435)
               not set up for use with LaTeX.

See the LaTeX manual or LaTeX Companion for explanation.
Type  H <return>  for immediate help.
 ...                                              
                                                  
l.1 \section{–ú–µ–¥–∏–∫–∞–º–µ
                             –Ω—Ç—ã –∏ —è–¥—ã}
You may provide a definition with
\DeclareUnicodeCharacter 


! LaTeX Error: Unicode character –Ω (U+043D)
               not set up for use with LaTeX.

See the LaTeX manual or LaTeX Companion for explanation.
Type  H <return>  for immediate help.
 ...                                              
                                                  
l.1 \section{–ú–µ–¥–∏–∫–∞–º–µ–Ω
                               —Ç—ã –∏ —è–¥—ã}
You may provide a definition with
\DeclareUnicodeCharacter 


! LaTeX Error: Unicode character —Ç (U+0442)
               not set up for use with LaTeX.

See the LaTeX manual or LaTeX Companion for explanation.
Type  H <return>  for immediate help.
 ...                                              
                                                  
l.1 \section{–ú–µ–¥–∏–∫–∞–º–µ–Ω—Ç
                                 —ã –∏ —è–¥—ã}
You may provide a definition with
\DeclareUnicodeCharacter 


! LaTeX Error: Unicode character —ã (U+044B)
               not set up for use with LaTeX.

See the LaTeX manual or LaTeX Companion for explanation.
Type  H <return>  for immediate help.
 ...                                              
                                                  
l.1 \section{–ú–µ–¥–∏–∫–∞–º–µ–Ω—Ç—ã
                                    –∏ —è–¥—ã}
You may provide a definition with
\DeclareUnicodeCharacter 


! LaTeX Error: Unicode character –∏ (U+0438)
               not set up for use with LaTeX.

See the LaTeX manual or LaTeX Companion for explanation.
Type  H <return>  for immediate help.
 ...                                              
                                                  
l.1 \section{–ú–µ–¥–∏–∫–∞–º–µ–Ω—Ç—ã –∏
                                       —è–¥—ã}
You may provide a definition with
\DeclareUnicodeCharacter 


! LaTeX Error: Unicode character —è (U+044F)
               not set up for use with LaTeX.

See the LaTeX manual or LaTeX Companion for explanation.
Type  H <return>  for immediate help.
 ...                                              
                                                  
l.1 \section{–ú–µ–¥–∏–∫–∞–º–µ–Ω—Ç—ã –∏ —è
                                         –¥—ã}
You may provide a definition with
\DeclareUnicodeCharacter 


! LaTeX Error: Unicode character –¥ (U+0434)
               not set up for use with LaTeX.

See the LaTeX manual or LaTeX Companion for explanation.
Type  H <return>  for immediate help.
 ...                                              
                                                  
l.1 \section{–ú–µ–¥–∏–∫–∞–º–µ–Ω—Ç—ã –∏ —è–¥
                                           —ã}
You may provide a definition with
\DeclareUnicodeCharacter 


! LaTeX Error: Unicode character —ã (U+044B)
               not set up for use with LaTeX.

See the LaTeX manual or LaTeX Companion for explanation.
Type  H <return>  for immediate help.
 ...                                              
                                                  
l.1 \section{–ú–µ–¥–∏–∫–∞–º–µ–Ω—Ç—ã –∏ —è–¥—ã
                                             }
You may provide a definition with
\DeclareUnicodeCharacter 

! Undefined control sequence.
l.2 \paragraph
              {–ò–Ω—Ç–æ–∫—Å–∏–∫–∞—Ü–∏—è.} –Ø–¥–æ–≤–∏—Ç—ã–µ –ø–æ–≤—Ä–µ–∂–¥–µ–...
The control sequence at the end of the top line
of your error message was never \def'ed. If you have
misspelled it (e.g., `\hobx'), type `I' and the correct
spelling (e.g., `I\hbox'). Otherwise just continue,
and I'll forget about whatever was undefined.


! LaTeX Error: Unicode character –ò (U+0418)
               not set up for use with LaTeX.

See the LaTeX manual or LaTeX Companion for explanation.
Type  H <return>  for immediate help.
 ...                                              
                                                  
l.2 \paragraph{–ò
                 –Ω—Ç–æ–∫—Å–∏–∫–∞—Ü–∏—è.} –Ø–¥–æ–≤–∏—Ç—ã–µ –ø–æ–≤—Ä–µ–∂–¥–µ–...

You may provide a definition with
\DeclareUnicodeCharacter 


! LaTeX Error: Unicode character –Ω (U+043D)
               not set up for use with LaTeX.

See the LaTeX manual or LaTeX Companion for explanation.
Type  H <return>  for immediate help.
 ...                                              
                                                  
l.2 \paragraph{–ò–Ω
                   —Ç–æ–∫—Å–∏–∫–∞—Ü–∏—è.} –Ø–¥–æ–≤–∏—Ç—ã–µ –ø–æ–≤—Ä–µ–∂–¥–µ–...

You may provide a definition with
\DeclareUnicodeCharacter 


! LaTeX Error: Unicode character —Ç (U+0442)
               not set up for use with LaTeX.

See the LaTeX manual or LaTeX Companion for explanation.
Type  H <return>  for immediate help.
 ...                                              
                                                  
l.2 \paragraph{–ò–Ω—Ç
                     –æ–∫—Å–∏–∫–∞—Ü–∏—è.} –Ø–¥–æ–≤–∏—Ç—ã–µ –ø–æ–≤—Ä–µ–∂–¥–µ–...

You may provide a definition with
\DeclareUnicodeCharacter 


! LaTeX Error: Unicode character –æ (U+043E)
               not set up for use with LaTeX.

See the LaTeX manual or LaTeX Companion for explanation.
Type  H <return>  for immediate help.
 ...                                              
                                                  
l.2 \paragraph{–ò–Ω—Ç–æ
                       –∫—Å–∏–∫–∞—Ü–∏—è.} –Ø–¥–æ–≤–∏—Ç—ã–µ –ø–æ–≤—Ä–µ–∂–¥–µ–...

You may provide a definition with
\DeclareUnicodeCharacter 


! LaTeX Error: Unicode character –∫ (U+043A)
               not set up for use with LaTeX.

See the LaTeX manual or LaTeX Companion for explanation.
Type  H <return>  for immediate help.
 ...                                              
                                                  
l.2 \paragraph{–ò–Ω—Ç–æ–∫
                         —Å–∏–∫–∞—Ü–∏—è.} –Ø–¥–æ–≤–∏—Ç—ã–µ –ø–æ–≤—Ä–µ–∂–¥–µ–...

You may provide a definition with
\DeclareUnicodeCharacter 


! LaTeX Error: Unicode character —Å (U+0441)
               not set up for use with LaTeX.

See the LaTeX manual or LaTeX Companion for explanation.
Type  H <return>  for immediate help.
 ...                                              
                                                  
l.2 \paragraph{–ò–Ω—Ç–æ–∫—Å
                           –∏–∫–∞—Ü–∏—è.} –Ø–¥–æ–≤–∏—Ç—ã–µ –ø–æ–≤—Ä–µ–∂–¥–µ–...

You may provide a definition with
\DeclareUnicodeCharacter 


! LaTeX Error: Unicode character –∏ (U+0438)
               not set up for use with LaTeX.

See the LaTeX manual or LaTeX Companion for explanation.
Type  H <return>  for immediate help.
 ...                                              
                                                  
l.2 \paragraph{–ò–Ω—Ç–æ–∫—Å–∏
                             –∫–∞—Ü–∏—è.} –Ø–¥–æ–≤–∏—Ç—ã–µ –ø–æ–≤—Ä–µ–∂–¥–µ–...

You may provide a definition with
\DeclareUnicodeCharacter 


! LaTeX Error: Unicode character –∫ (U+043A)
               not set up for use with LaTeX.

See the LaTeX manual or LaTeX Companion for explanation.
Type  H <return>  for immediate help.
 ...                                              
                                                  
l.2 \paragraph{–ò–Ω—Ç–æ–∫—Å–∏–∫
                               –∞—Ü–∏—è.} –Ø–¥–æ–≤–∏—Ç—ã–µ –ø–æ–≤—Ä–µ–∂–¥–µ–...

You may provide a definition with
\DeclareUnicodeCharacter 


! LaTeX Error: Unicode character –∞ (U+0430)
               not set up for use with LaTeX.

See the LaTeX manual or LaTeX Companion for explanation.
Type  H <return>  for immediate help.
 ...                                              
                                                  
l.2 \paragraph{–ò–Ω—Ç–æ–∫—Å–∏–∫–∞
                                 —Ü–∏—è.} –Ø–¥–æ–≤–∏—Ç—ã–µ –ø–æ–≤—Ä–µ–∂–¥–µ–...

You may provide a definition with
\DeclareUnicodeCharacter 


! LaTeX Error: Unicode character —Ü (U+0446)
               not set up for use with LaTeX.

See the LaTeX manual or LaTeX Companion for explanation.
Type  H <return>  for immediate help.
 ...                                              
                                                  
l.2 \paragraph{–ò–Ω—Ç–æ–∫—Å–∏–∫–∞—Ü
                                   –∏—è.} –Ø–¥–æ–≤–∏—Ç—ã–µ –ø–æ–≤—Ä–µ–∂–¥–µ–...

You may provide a definition with
\DeclareUnicodeCharacter 


! LaTeX Error: Unicode character –∏ (U+0438)
               not set up for use with LaTeX.

See the LaTeX manual or LaTeX Companion for explanation.
Type  H <return>  for immediate help.
 ...                                              
                                                  
l.2 \paragraph{–ò–Ω—Ç–æ–∫—Å–∏–∫–∞—Ü–∏
                                     —è.} –Ø–¥–æ–≤–∏—Ç—ã–µ –ø–æ–≤—Ä–µ–∂–¥–µ–...

You may provide a definition with
\DeclareUnicodeCharacter 


! LaTeX Error: Unicode character —è (U+044F)
               not set up for use with LaTeX.

See the LaTeX manual or LaTeX Companion for explanation.
Type  H <return>  for immediate help.
 ...                                              
                                                  
l.2 \paragraph{–ò–Ω—Ç–æ–∫—Å–∏–∫–∞—Ü–∏—è
                                       .} –Ø–¥–æ–≤–∏—Ç—ã–µ –ø–æ–≤—Ä–µ–∂–¥–µ–...

You may provide a definition with
\DeclareUnicodeCharacter 


! LaTeX Error: Missing \begin{document}.

See the LaTeX manual or LaTeX Companion for explanation.
Type  H <return>  for immediate help.
 ...                                              
                                                  
l.2 \paragraph{–ò–Ω—Ç–æ–∫—Å–∏–∫–∞—Ü–∏—è.
                                        } –Ø–¥–æ–≤–∏—Ç—ã–µ –ø–æ–≤—Ä–µ–∂–¥–µ–...

You're in trouble here.  Try typing  <return>  to proceed.
If that doesn't work, type  X <return>  to quit.

Missing character: There is no . in font nullfont!

! LaTeX Error: Unicode character –Ø (U+042F)
               not set up for use with LaTeX.

See the LaTeX manual or LaTeX Companion for explanation.
Type  H <return>  for immediate help.
 ...                                              
                                                  
l.2 \paragraph{–ò–Ω—Ç–æ–∫—Å–∏–∫–∞—Ü–∏—è.} –Ø
                                            –¥–æ–≤–∏—Ç—ã–µ –ø–æ–≤—Ä–µ–∂–¥–µ–...

You may provide a definition with
\DeclareUnicodeCharacter 


! LaTeX Error: Unicode character –¥ (U+0434)
               not set up for use with LaTeX.

See the LaTeX manual or LaTeX Companion for explanation.
Type  H <return>  for immediate help.
 ...                                              
                                                  
l.2 \paragraph{–ò–Ω—Ç–æ–∫—Å–∏–∫–∞—Ü–∏—è.} –Ø–¥
                                              –æ–≤–∏—Ç—ã–µ –ø–æ–≤—Ä–µ–∂–¥–µ–...

You may provide a definition with
\DeclareUnicodeCharacter 


! LaTeX Error: Unicode character –æ (U+043E)
               not set up for use with LaTeX.

See the LaTeX manual or LaTeX Companion for explanation.
Type  H <return>  for immediate help.
 ...                                              
                                                  
l.2 \paragraph{–ò–Ω—Ç–æ–∫—Å–∏–∫–∞—Ü–∏—è.} –Ø–¥–æ
                                                –≤–∏—Ç—ã–µ –ø–æ–≤—Ä–µ–∂–¥–µ–...

You may provide a definition with
\DeclareUnicodeCharacter 


! LaTeX Error: Unicode character –≤ (U+0432)
               not set up for use with LaTeX.

See the LaTeX manual or LaTeX Companion for explanation.
Type  H <return>  for immediate help.
 ...                                              
                                                  
l.2 \paragraph{–ò–Ω—Ç–æ–∫—Å–∏–∫–∞—Ü–∏—è.} –Ø–¥–æ–≤
                                                  –∏—Ç—ã–µ –ø–æ–≤—Ä–µ–∂–¥–µ–...

You may provide a definition with
\DeclareUnicodeCharacter 


! LaTeX Error: Unicode character –∏ (U+0438)
               not set up for use with LaTeX.

See the LaTeX manual or LaTeX Companion for explanation.
Type  H <return>  for immediate help.
 ...                                              
                                                  
l.2 ...graph{–ò–Ω—Ç–æ–∫—Å–∏–∫–∞—Ü–∏—è.} –Ø–¥–æ–≤–∏
                                                  —Ç—ã–µ –ø–æ–≤—Ä–µ–∂–¥–µ–Ω–...

You may provide a definition with
\DeclareUnicodeCharacter 


! LaTeX Error: Unicode character —Ç (U+0442)
               not set up for use with LaTeX.

See the LaTeX manual or LaTeX Companion for explanation.
Type  H <return>  for immediate help.
 ...                                              
                                                  
l.2 ...aph{–ò–Ω—Ç–æ–∫—Å–∏–∫–∞—Ü–∏—è.} –Ø–¥–æ–≤–∏—Ç
                                                  —ã–µ –ø–æ–≤—Ä–µ–∂–¥–µ–Ω–∏—...

You may provide a definition with
\DeclareUnicodeCharacter 


! LaTeX Error: Unicode character —ã (U+044B)
               not set up for use with LaTeX.

See the LaTeX manual or LaTeX Companion for explanation.
Type  H <return>  for immediate help.
 ...                                              
                                                  
l.2 ...h{–ò–Ω—Ç–æ–∫—Å–∏–∫–∞—Ü–∏—è.} –Ø–¥–æ–≤–∏—Ç—ã
                                                  –µ –ø–æ–≤—Ä–µ–∂–¥–µ–Ω–∏—è ...

You may provide a definition with
\DeclareUnicodeCharacter 


! LaTeX Error: Unicode character –µ (U+0435)
               not set up for use with LaTeX.

See the LaTeX manual or LaTeX Companion for explanation.
Type  H <return>  for immediate help.
 ...                                              
                                                  
l.2 ...–ò–Ω—Ç–æ–∫—Å–∏–∫–∞—Ü–∏—è.} –Ø–¥–æ–≤–∏—Ç—ã–µ
                                                   –ø–æ–≤—Ä–µ–∂–¥–µ–Ω–∏—è —Å...

You may provide a definition with
\DeclareUnicodeCharacter 


! LaTeX Error: Unicode character –ø (U+043F)
               not set up for use with LaTeX.

See the LaTeX manual or LaTeX Companion for explanation.
Type  H <return>  for immediate help.
 ...                                              
                                                  
l.2 ...Ω—Ç–æ–∫—Å–∏–∫–∞—Ü–∏—è.} –Ø–¥–æ–≤–∏—Ç—ã–µ –ø
                                                  –æ–≤—Ä–µ–∂–¥–µ–Ω–∏—è —Å—á–...

You may provide a definition with
\DeclareUnicodeCharacter 


! LaTeX Error: Unicode character –æ (U+043E)
               not set up for use with LaTeX.

See the LaTeX manual or LaTeX Companion for explanation.
Type  H <return>  for immediate help.
 ...                                              
                                                  
l.2 ...Ç–æ–∫—Å–∏–∫–∞—Ü–∏—è.} –Ø–¥–æ–≤–∏—Ç—ã–µ –ø–æ
                                                  –≤—Ä–µ–∂–¥–µ–Ω–∏—è —Å—á–∏—...

You may provide a definition with
\DeclareUnicodeCharacter 


! LaTeX Error: Unicode character –≤ (U+0432)
               not set up for use with LaTeX.

See the LaTeX manual or LaTeX Companion for explanation.
Type  H <return>  for immediate help.
 ...                                              
                                                  
l.2 ...æ–∫—Å–∏–∫–∞—Ü–∏—è.} –Ø–¥–æ–≤–∏—Ç—ã–µ –ø–æ–≤
                                                  —Ä–µ–∂–¥–µ–Ω–∏—è —Å—á–∏—Ç–...

You may provide a definition with
\DeclareUnicodeCharacter 


! LaTeX Error: Unicode character —Ä (U+0440)
               not set up for use with LaTeX.

See the LaTeX manual or LaTeX Companion for explanation.
Type  H <return>  for immediate help.
 ...                                              
                                                  
l.2 ...∫—Å–∏–∫–∞—Ü–∏—è.} –Ø–¥–æ–≤–∏—Ç—ã–µ –ø–æ–≤—Ä
                                                  –µ–∂–¥–µ–Ω–∏—è —Å—á–∏—Ç–∞—...

You may provide a definition with
\DeclareUnicodeCharacter 


! LaTeX Error: Unicode character –µ (U+0435)
               not set up for use with LaTeX.

See the LaTeX manual or LaTeX Companion for explanation.
Type  H <return>  for immediate help.
 ...                                              
                                                  
l.2 ...Å–∏–∫–∞—Ü–∏—è.} –Ø–¥–æ–≤–∏—Ç—ã–µ –ø–æ–≤—Ä–µ
                                                  –∂–¥–µ–Ω–∏—è —Å—á–∏—Ç–∞—é—...

You may provide a definition with
\DeclareUnicodeCharacter 


! LaTeX Error: Unicode character –∂ (U+0436)
               not set up for use with LaTeX.

See the LaTeX manual or LaTeX Companion for explanation.
Type  H <return>  for immediate help.
 ...                                              
                                                  
l.2 ...∏–∫–∞—Ü–∏—è.} –Ø–¥–æ–≤–∏—Ç—ã–µ –ø–æ–≤—Ä–µ–∂
                                                  –¥–µ–Ω–∏—è —Å—á–∏—Ç–∞—é—Ç—...

You may provide a definition with
\DeclareUnicodeCharacter 


! LaTeX Error: Unicode character –¥ (U+0434)
               not set up for use with LaTeX.

See the LaTeX manual or LaTeX Companion for explanation.
Type  H <return>  for immediate help.
 ...                                              
                                                  
l.2 ...∫–∞—Ü–∏—è.} –Ø–¥–æ–≤–∏—Ç—ã–µ –ø–æ–≤—Ä–µ–∂–¥
                                                  –µ–Ω–∏—è —Å—á–∏—Ç–∞—é—Ç—Å—...

You may provide a definition with
\DeclareUnicodeCharacter 


! LaTeX Error: Unicode character –µ (U+0435)
               not set up for use with LaTeX.

See the LaTeX manual or LaTeX Companion for explanation.
Type  H <return>  for immediate help.
 ...                                              
                                                  
l.2 ...∞—Ü–∏—è.} –Ø–¥–æ–≤–∏—Ç—ã–µ –ø–æ–≤—Ä–µ–∂–¥–µ
                                                  –Ω–∏—è —Å—á–∏—Ç–∞—é—Ç—Å—è ...

You may provide a definition with
\DeclareUnicodeCharacter 


! LaTeX Error: Unicode character –Ω (U+043D)
               not set up for use with LaTeX.

See the LaTeX manual or LaTeX Companion for explanation.
Type  H <return>  for immediate help.
 ...                                              
                                                  
l.2 ...Ü–∏—è.} –Ø–¥–æ–≤–∏—Ç—ã–µ –ø–æ–≤—Ä–µ–∂–¥–µ–Ω
                                                  –∏—è —Å—á–∏—Ç–∞—é—Ç—Å—è –æ...

You may provide a definition with
\DeclareUnicodeCharacter 


! LaTeX Error: Unicode character –∏ (U+0438)
               not set up for use with LaTeX.

See the LaTeX manual or LaTeX Companion for explanation.
Type  H <return>  for immediate help.
 ...                                              
                                                  
l.2 ...∏—è.} –Ø–¥–æ–≤–∏—Ç—ã–µ –ø–æ–≤—Ä–µ–∂–¥–µ–Ω–∏
                                                  —è —Å—á–∏—Ç–∞—é—Ç—Å—è –æ—Ç...

You may provide a definition with
\DeclareUnicodeCharacter 


! LaTeX Error: Unicode character —è (U+044F)
               not set up for use with LaTeX.

See the LaTeX manual or LaTeX Companion for explanation.
Type  H <return>  for immediate help.
 ...                                              
                                                  
l.2 ...è.} –Ø–¥–æ–≤–∏—Ç—ã–µ –ø–æ–≤—Ä–µ–∂–¥–µ–Ω–∏—è
                                                   —Å—á–∏—Ç–∞—é—Ç—Å—è –æ—Ç–¥...

You may provide a definition with
\DeclareUnicodeCharacter 


! LaTeX Error: Unicode character —Å (U+0441)
               not set up for use with LaTeX.

See the LaTeX manual or LaTeX Companion for explanation.
Type  H <return>  for immediate help.
 ...                                              
                                                  
l.2 ... –Ø–¥–æ–≤–∏—Ç—ã–µ –ø–æ–≤—Ä–µ–∂–¥–µ–Ω–∏—è —Å
                                                  —á–∏—Ç–∞—é—Ç—Å—è –æ—Ç–¥–µ–...

You may provide a definition with
\DeclareUnicodeCharacter 


! LaTeX Error: Unicode character —á (U+0447)
               not set up for use with LaTeX.

See the LaTeX manual or LaTeX Companion for explanation.
Type  H <return>  for immediate help.
 ...                                              
                                                  
l.2 ...Ø–¥–æ–≤–∏—Ç—ã–µ –ø–æ–≤—Ä–µ–∂–¥–µ–Ω–∏—è —Å—á
                                                  –∏—Ç–∞—é—Ç—Å—è –æ—Ç–¥–µ–ª—...

You may provide a definition with
\DeclareUnicodeCharacter 


! LaTeX Error: Unicode character –∏ (U+0438)
               not set up for use with LaTeX.

See the LaTeX manual or LaTeX Companion for explanation.
Type  H <return>  for immediate help.
 ...                                              
                                                  
l.2 ...¥–æ–≤–∏—Ç—ã–µ –ø–æ–≤—Ä–µ–∂–¥–µ–Ω–∏—è —Å—á–∏
                                                  —Ç–∞—é—Ç—Å—è –æ—Ç–¥–µ–ª—å–...

You may provide a definition with
\DeclareUnicodeCharacter 


! LaTeX Error: Unicode character —Ç (U+0442)
               not set up for use with LaTeX.

See the LaTeX manual or LaTeX Companion for explanation.
Type  H <return>  for immediate help.
 ...                                              
                                                  
l.2 ...æ–≤–∏—Ç—ã–µ –ø–æ–≤—Ä–µ–∂–¥–µ–Ω–∏—è —Å—á–∏—Ç
                                                  –∞—é—Ç—Å—è –æ—Ç–¥–µ–ª—å–Ω–...

You may provide a definition with
\DeclareUnicodeCharacter 


! LaTeX Error: Unicode character –∞ (U+0430)
               not set up for use with LaTeX.

See the LaTeX manual or LaTeX Companion for explanation.
Type  H <return>  for immediate help.
 ...                                              
                                                  
l.2 ...≤–∏—Ç—ã–µ –ø–æ–≤—Ä–µ–∂–¥–µ–Ω–∏—è —Å—á–∏—Ç–∞
                                                  —é—Ç—Å—è –æ—Ç–¥–µ–ª—å–Ω–æ ...

You may provide a definition with
\DeclareUnicodeCharacter 


! LaTeX Error: Unicode character —é (U+044E)
               not set up for use with LaTeX.

See the LaTeX manual or LaTeX Companion for explanation.
Type  H <return>  for immediate help.
 ...                                              
                                                  
l.2 ...∏—Ç—ã–µ –ø–æ–≤—Ä–µ–∂–¥–µ–Ω–∏—è —Å—á–∏—Ç–∞—é
                                                  —Ç—Å—è –æ—Ç–¥–µ–ª—å–Ω–æ –æ...

You may provide a definition with
\DeclareUnicodeCharacter 


! LaTeX Error: Unicode character —Ç (U+0442)
               not set up for use with LaTeX.

See the LaTeX manual or LaTeX Companion for explanation.
Type  H <return>  for immediate help.
 ...                                              
                                                  
l.2 ...Ç—ã–µ –ø–æ–≤—Ä–µ–∂–¥–µ–Ω–∏—è —Å—á–∏—Ç–∞—é—Ç
                                                  —Å—è –æ—Ç–¥–µ–ª—å–Ω–æ –æ—Ç...

You may provide a definition with
\DeclareUnicodeCharacter 


! LaTeX Error: Unicode character —Å (U+0441)
               not set up for use with LaTeX.

See the LaTeX manual or LaTeX Companion for explanation.
Type  H <return>  for immediate help.
 ...                                              
                                                  
l.2 ...ã–µ –ø–æ–≤—Ä–µ–∂–¥–µ–Ω–∏—è —Å—á–∏—Ç–∞—é—Ç—Å
                                                  —è –æ—Ç–¥–µ–ª—å–Ω–æ –æ—Ç –...

You may provide a definition with
\DeclareUnicodeCharacter 


! LaTeX Error: Unicode character —è (U+044F)
               not set up for use with LaTeX.

See the LaTeX manual or LaTeX Companion for explanation.
Type  H <return>  for immediate help.
 ...                                              
                                                  
l.2 ...µ –ø–æ–≤—Ä–µ–∂–¥–µ–Ω–∏—è —Å—á–∏—Ç–∞—é—Ç—Å—è
                                                   –æ—Ç–¥–µ–ª—å–Ω–æ –æ—Ç –æ—...

You may provide a definition with
\DeclareUnicodeCharacter 


! LaTeX Error: Unicode character –æ (U+043E)
               not set up for use with LaTeX.

See the LaTeX manual or LaTeX Companion for explanation.
Type  H <return>  for immediate help.
 ...                                              
                                                  
l.2 ...ø–æ–≤—Ä–µ–∂–¥–µ–Ω–∏—è —Å—á–∏—Ç–∞—é—Ç—Å—è –æ
                                                  —Ç–¥–µ–ª—å–Ω–æ –æ—Ç –æ—Å—Ç...

You may provide a definition with
\DeclareUnicodeCharacter 


! LaTeX Error: Unicode character —Ç (U+0442)
               not set up for use with LaTeX.

See the LaTeX manual or LaTeX Companion for explanation.
Type  H <return>  for immediate help.
 ...                                              
                                                  
l.2 ...æ–≤—Ä–µ–∂–¥–µ–Ω–∏—è —Å—á–∏—Ç–∞—é—Ç—Å—è –æ—Ç
                                                  –¥–µ–ª—å–Ω–æ –æ—Ç –æ—Å—Ç–∞...

You may provide a definition with
\DeclareUnicodeCharacter 


! LaTeX Error: Unicode character –¥ (U+0434)
               not set up for use with LaTeX.

See the LaTeX manual or LaTeX Companion for explanation.
Type  H <return>  for immediate help.
 ...                                              
                                                  
l.2 ...≤—Ä–µ–∂–¥–µ–Ω–∏—è —Å—á–∏—Ç–∞—é—Ç—Å—è –æ—Ç–¥
                                                  –µ–ª—å–Ω–æ –æ—Ç –æ—Å—Ç–∞–ª...

You may provide a definition with
\DeclareUnicodeCharacter 


! LaTeX Error: Unicode character –µ (U+0435)
               not set up for use with LaTeX.

See the LaTeX manual or LaTeX Companion for explanation.
Type  H <return>  for immediate help.
 ...                                              
                                                  
l.2 ...Ä–µ–∂–¥–µ–Ω–∏—è —Å—á–∏—Ç–∞—é—Ç—Å—è –æ—Ç–¥–µ
                                                  –ª—å–Ω–æ –æ—Ç –æ—Å—Ç–∞–ª—å...

You may provide a definition with
\DeclareUnicodeCharacter 


! LaTeX Error: Unicode character –ª (U+043B)
               not set up for use with LaTeX.

See the LaTeX manual or LaTeX Companion for explanation.
Type  H <return>  for immediate help.
 ...                                              
                                                  
l.2 ...µ–∂–¥–µ–Ω–∏—è —Å—á–∏—Ç–∞—é—Ç—Å—è –æ—Ç–¥–µ–ª
                                                  —å–Ω–æ –æ—Ç –æ—Å—Ç–∞–ª—å–Ω...

You may provide a definition with
\DeclareUnicodeCharacter 


! LaTeX Error: Unicode character —å (U+044C)
               not set up for use with LaTeX.

See the LaTeX manual or LaTeX Companion for explanation.
Type  H <return>  for immediate help.
 ...                                              
                                                  
l.2 ...∂–¥–µ–Ω–∏—è —Å—á–∏—Ç–∞—é—Ç—Å—è –æ—Ç–¥–µ–ª—å
                                                  –Ω–æ –æ—Ç –æ—Å—Ç–∞–ª—å–Ω—ã...

You may provide a definition with
\DeclareUnicodeCharacter 


! LaTeX Error: Unicode character –Ω (U+043D)
               not set up for use with LaTeX.

See the LaTeX manual or LaTeX Companion for explanation.
Type  H <return>  for immediate help.
 ...                                              
                                                  
l.2 ...¥–µ–Ω–∏—è —Å—á–∏—Ç–∞—é—Ç—Å—è –æ—Ç–¥–µ–ª—å–Ω
                                                  –æ –æ—Ç –æ—Å—Ç–∞–ª—å–Ω—ã—Ö...

You may provide a definition with
\DeclareUnicodeCharacter 


! LaTeX Error: Unicode character –æ (U+043E)
               not set up for use with LaTeX.

See the LaTeX manual or LaTeX Companion for explanation.
Type  H <return>  for immediate help.
 ...                                              
                                                  
l.2 ...µ–Ω–∏—è —Å—á–∏—Ç–∞—é—Ç—Å—è –æ—Ç–¥–µ–ª—å–Ω–æ
                                                   –æ—Ç –æ—Å—Ç–∞–ª—å–Ω—ã—Ö –...

You may provide a definition with
\DeclareUnicodeCharacter 


! LaTeX Error: Unicode character –æ (U+043E)
               not set up for use with LaTeX.

See the LaTeX manual or LaTeX Companion for explanation.
Type  H <return>  for immediate help.
 ...                                              
                                                  
l.2 ...–∏—è —Å—á–∏—Ç–∞—é—Ç—Å—è –æ—Ç–¥–µ–ª—å–Ω–æ –æ
                                                  —Ç –æ—Å—Ç–∞–ª—å–Ω—ã—Ö –ø–æ...

You may provide a definition with
\DeclareUnicodeCharacter 


! LaTeX Error: Unicode character —Ç (U+0442)
               not set up for use with LaTeX.

See the LaTeX manual or LaTeX Companion for explanation.
Type  H <return>  for immediate help.
 ...                                              
                                                  
l.2 ...—è —Å—á–∏—Ç–∞—é—Ç—Å—è –æ—Ç–¥–µ–ª—å–Ω–æ –æ—Ç
                                                   –æ—Å—Ç–∞–ª—å–Ω—ã—Ö –ø–æ–≤...

You may provide a definition with
\DeclareUnicodeCharacter 


! LaTeX Error: Unicode character –æ (U+043E)
               not set up for use with LaTeX.

See the LaTeX manual or LaTeX Companion for explanation.
Type  H <return>  for immediate help.
 ...                                              
                                                  
l.2 ...—Å—á–∏—Ç–∞—é—Ç—Å—è –æ—Ç–¥–µ–ª—å–Ω–æ –æ—Ç –æ
                                                  —Å—Ç–∞–ª—å–Ω—ã—Ö –ø–æ–≤—Ä–...

You may provide a definition with
\DeclareUnicodeCharacter 


! LaTeX Error: Unicode character —Å (U+0441)
               not set up for use with LaTeX.

See the LaTeX manual or LaTeX Companion for explanation.
Type  H <return>  for immediate help.
 ...                                              
                                                  
l.2 ...—á–∏—Ç–∞—é—Ç—Å—è –æ—Ç–¥–µ–ª—å–Ω–æ –æ—Ç –æ—Å
                                                  —Ç–∞–ª—å–Ω—ã—Ö –ø–æ–≤—Ä–µ–...

You may provide a definition with
\DeclareUnicodeCharacter 


! LaTeX Error: Unicode character —Ç (U+0442)
               not set up for use with LaTeX.

See the LaTeX manual or LaTeX Companion for explanation.
Type  H <return>  for immediate help.
 ...                                              
                                                  
l.2 ...–∏—Ç–∞—é—Ç—Å—è –æ—Ç–¥–µ–ª—å–Ω–æ –æ—Ç –æ—Å—Ç
                                                  –∞–ª—å–Ω—ã—Ö –ø–æ–≤—Ä–µ–∂–...

You may provide a definition with
\DeclareUnicodeCharacter 


! LaTeX Error: Unicode character –∞ (U+0430)
               not set up for use with LaTeX.

See the LaTeX manual or LaTeX Companion for explanation.
Type  H <return>  for immediate help.
 ...                                              
                                                  
l.2 ...—Ç–∞—é—Ç—Å—è –æ—Ç–¥–µ–ª—å–Ω–æ –æ—Ç –æ—Å—Ç–∞
                                                  –ª—å–Ω—ã—Ö –ø–æ–≤—Ä–µ–∂–¥–...

You may provide a definition with
\DeclareUnicodeCharacter 


! LaTeX Error: Unicode character –ª (U+043B)
               not set up for use with LaTeX.

See the LaTeX manual or LaTeX Companion for explanation.
Type  H <return>  for immediate help.
 ...                                              
                                                  
l.2 ...–∞—é—Ç—Å—è –æ—Ç–¥–µ–ª—å–Ω–æ –æ—Ç –æ—Å—Ç–∞–ª
                                                  —å–Ω—ã—Ö –ø–æ–≤—Ä–µ–∂–¥–µ–...

You may provide a definition with
\DeclareUnicodeCharacter 


! LaTeX Error: Unicode character —å (U+044C)
               not set up for use with LaTeX.

See the LaTeX manual or LaTeX Companion for explanation.
Type  H <return>  for immediate help.
 ...                                              
                                                  
l.2 ...—é—Ç—Å—è –æ—Ç–¥–µ–ª—å–Ω–æ –æ—Ç –æ—Å—Ç–∞–ª—å
                                                  –Ω—ã—Ö –ø–æ–≤—Ä–µ–∂–¥–µ–Ω–...

You may provide a definition with
\DeclareUnicodeCharacter 


! LaTeX Error: Unicode character –Ω (U+043D)
               not set up for use with LaTeX.

See the LaTeX manual or LaTeX Companion for explanation.
Type  H <return>  for immediate help.
 ...                                              
                                                  
l.2 ...—Ç—Å—è –æ—Ç–¥–µ–ª—å–Ω–æ –æ—Ç –æ—Å—Ç–∞–ª—å–Ω
                                                  —ã—Ö –ø–æ–≤—Ä–µ–∂–¥–µ–Ω–∏–...

You may provide a definition with
\DeclareUnicodeCharacter 


! LaTeX Error: Unicode character —ã (U+044B)
               not set up for use with LaTeX.

See the LaTeX manual or LaTeX Companion for explanation.
Type  H <return>  for immediate help.
 ...                                              
                                                  
l.2 ...—Å—è –æ—Ç–¥–µ–ª—å–Ω–æ –æ—Ç –æ—Å—Ç–∞–ª—å–Ω—ã
                                                  —Ö –ø–æ–≤—Ä–µ–∂–¥–µ–Ω–∏–π ...

You may provide a definition with
\DeclareUnicodeCharacter 


! LaTeX Error: Unicode character —Ö (U+0445)
               not set up for use with LaTeX.

See the LaTeX manual or LaTeX Companion for explanation.
Type  H <return>  for immediate help.
 ...                                              
                                                  
l.2 ...—è –æ—Ç–¥–µ–ª—å–Ω–æ –æ—Ç –æ—Å—Ç–∞–ª—å–Ω—ã—Ö
                                                   –ø–æ–≤—Ä–µ–∂–¥–µ–Ω–∏–π –∏...

You may provide a definition with
\DeclareUnicodeCharacter 


! LaTeX Error: Unicode character –ø (U+043F)
               not set up for use with LaTeX.

See the LaTeX manual or LaTeX Companion for explanation.
Type  H <return>  for immediate help.
 ...                                              
                                                  
l.2 ...–æ—Ç–¥–µ–ª—å–Ω–æ –æ—Ç –æ—Å—Ç–∞–ª—å–Ω—ã—Ö –ø
                                                  –æ–≤—Ä–µ–∂–¥–µ–Ω–∏–π –∏ –æ...

You may provide a definition with
\DeclareUnicodeCharacter 


! LaTeX Error: Unicode character –æ (U+043E)
               not set up for use with LaTeX.

See the LaTeX manual or LaTeX Companion for explanation.
Type  H <return>  for immediate help.
 ...                                              
                                                  
l.2 ...—Ç–¥–µ–ª—å–Ω–æ –æ—Ç –æ—Å—Ç–∞–ª—å–Ω—ã—Ö –ø–æ
                                                  –≤—Ä–µ–∂–¥–µ–Ω–∏–π –∏ –æ—Ç...

You may provide a definition with
\DeclareUnicodeCharacter 


! LaTeX Error: Unicode character –≤ (U+0432)
               not set up for use with LaTeX.

See the LaTeX manual or LaTeX Companion for explanation.
Type  H <return>  for immediate help.
 ...                                              
                                                  
l.2 ...–¥–µ–ª—å–Ω–æ –æ—Ç –æ—Å—Ç–∞–ª—å–Ω—ã—Ö –ø–æ–≤
                                                  —Ä–µ–∂–¥–µ–Ω–∏–π –∏ –æ—Ç—Ä...

You may provide a definition with
\DeclareUnicodeCharacter 


! LaTeX Error: Unicode character —Ä (U+0440)
               not set up for use with LaTeX.

See the LaTeX manual or LaTeX Companion for explanation.
Type  H <return>  for immediate help.
 ...                                              
                                                  
l.2 ...–µ–ª—å–Ω–æ –æ—Ç –æ—Å—Ç–∞–ª—å–Ω—ã—Ö –ø–æ–≤—Ä
                                                  –µ–∂–¥–µ–Ω–∏–π –∏ –æ—Ç—Ä–∞...

You may provide a definition with
\DeclareUnicodeCharacter 


! LaTeX Error: Unicode character –µ (U+0435)
               not set up for use with LaTeX.

See the LaTeX manual or LaTeX Companion for explanation.
Type  H <return>  for immediate help.
 ...                                              
                                                  
l.2 ...–ª—å–Ω–æ –æ—Ç –æ—Å—Ç–∞–ª—å–Ω—ã—Ö –ø–æ–≤—Ä–µ
                                                  –∂–¥–µ–Ω–∏–π –∏ –æ—Ç—Ä–∞–∂...

You may provide a definition with
\DeclareUnicodeCharacter 


! LaTeX Error: Unicode character –∂ (U+0436)
               not set up for use with LaTeX.

See the LaTeX manual or LaTeX Companion for explanation.
Type  H <return>  for immediate help.
 ...                                              
                                                  
l.2 ...—å–Ω–æ –æ—Ç –æ—Å—Ç–∞–ª—å–Ω—ã—Ö –ø–æ–≤—Ä–µ–∂
                                                  –¥–µ–Ω–∏–π –∏ –æ—Ç—Ä–∞–∂–∞...

You may provide a definition with
\DeclareUnicodeCharacter 


! LaTeX Error: Unicode character –¥ (U+0434)
               not set up for use with LaTeX.

See the LaTeX manual or LaTeX Companion for explanation.
Type  H <return>  for immediate help.
 ...                                              
                                                  
l.2 ...–Ω–æ –æ—Ç –æ—Å—Ç–∞–ª—å–Ω—ã—Ö –ø–æ–≤—Ä–µ–∂–¥
                                                  –µ–Ω–∏–π –∏ –æ—Ç—Ä–∞–∂–∞—é...

You may provide a definition with
\DeclareUnicodeCharacter 


! LaTeX Error: Unicode character –µ (U+0435)
               not set up for use with LaTeX.

See the LaTeX manual or LaTeX Companion for explanation.
Type  H <return>  for immediate help.
 ...                                              
                                                  
l.2 ...–æ –æ—Ç –æ—Å—Ç–∞–ª—å–Ω—ã—Ö –ø–æ–≤—Ä–µ–∂–¥–µ
                                                  –Ω–∏–π –∏ –æ—Ç—Ä–∞–∂–∞—é—Ç...

You may provide a definition with
\DeclareUnicodeCharacter 


! LaTeX Error: Unicode character –Ω (U+043D)
               not set up for use with LaTeX.

See the LaTeX manual or LaTeX Companion for explanation.
Type  H <return>  for immediate help.
 ...                                              
                                                  
l.2 ... –æ—Ç –æ—Å—Ç–∞–ª—å–Ω—ã—Ö –ø–æ–≤—Ä–µ–∂–¥–µ–Ω
                                                  –∏–π –∏ –æ—Ç—Ä–∞–∂–∞—é—Ç —...

You may provide a definition with
\DeclareUnicodeCharacter 


! LaTeX Error: Unicode character –∏ (U+0438)
               not set up for use with LaTeX.

See the LaTeX manual or LaTeX Companion for explanation.
Type  H <return>  for immediate help.
 ...                                              
                                                  
l.2 ...æ—Ç –æ—Å—Ç–∞–ª—å–Ω—ã—Ö –ø–æ–≤—Ä–µ–∂–¥–µ–Ω–∏
                                                  –π –∏ –æ—Ç—Ä–∞–∂–∞—é—Ç —Ç–...

You may provide a definition with
\DeclareUnicodeCharacter 


! LaTeX Error: Unicode character –π (U+0439)
               not set up for use with LaTeX.

See the LaTeX manual or LaTeX Companion for explanation.
Type  H <return>  for immediate help.
 ...                                              
                                                  
l.2 ...Ç –æ—Å—Ç–∞–ª—å–Ω—ã—Ö –ø–æ–≤—Ä–µ–∂–¥–µ–Ω–∏–π
                                                   –∏ –æ—Ç—Ä–∞–∂–∞—é—Ç —Ç–æ,...

You may provide a definition with
\DeclareUnicodeCharacter 


! LaTeX Error: Unicode character –∏ (U+0438)
               not set up for use with LaTeX.

See the LaTeX manual or LaTeX Companion for explanation.
Type  H <return>  for immediate help.
 ...                                              
                                                  
l.2 ...æ—Å—Ç–∞–ª—å–Ω—ã—Ö –ø–æ–≤—Ä–µ–∂–¥–µ–Ω–∏–π –∏
                                                   –æ—Ç—Ä–∞–∂–∞—é—Ç —Ç–æ, –Ω...

You may provide a definition with
\DeclareUnicodeCharacter 


! LaTeX Error: Unicode character –æ (U+043E)
               not set up for use with LaTeX.

See the LaTeX manual or LaTeX Companion for explanation.
Type  H <return>  for immediate help.
 ...                                              
                                                  
l.2 ...—Ç–∞–ª—å–Ω—ã—Ö –ø–æ–≤—Ä–µ–∂–¥–µ–Ω–∏–π –∏ –æ
                                                  —Ç—Ä–∞–∂–∞—é—Ç —Ç–æ, –Ω–∞—...

You may provide a definition with
\DeclareUnicodeCharacter 


! LaTeX Error: Unicode character —Ç (U+0442)
               not set up for use with LaTeX.

See the LaTeX manual or LaTeX Companion for explanation.
Type  H <return>  for immediate help.
 ...                                              
                                                  
l.2 ...–∞–ª—å–Ω—ã—Ö –ø–æ–≤—Ä–µ–∂–¥–µ–Ω–∏–π –∏ –æ—Ç
                                                  —Ä–∞–∂–∞—é—Ç —Ç–æ, –Ω–∞—Å–...

You may provide a definition with
\DeclareUnicodeCharacter 


! LaTeX Error: Unicode character —Ä (U+0440)
               not set up for use with LaTeX.

See the LaTeX manual or LaTeX Companion for explanation.
Type  H <return>  for immediate help.
 ...                                              
                                                  
l.2 ...–ª—å–Ω—ã—Ö –ø–æ–≤—Ä–µ–∂–¥–µ–Ω–∏–π –∏ –æ—Ç—Ä
                                                  –∞–∂–∞—é—Ç —Ç–æ, –Ω–∞—Å–∫–...

You may provide a definition with
\DeclareUnicodeCharacter 


! LaTeX Error: Unicode character –∞ (U+0430)
               not set up for use with LaTeX.

See the LaTeX manual or LaTeX Companion for explanation.
Type  H <return>  for immediate help.
 ...                                              
                                                  
l.2 ...—å–Ω—ã—Ö –ø–æ–≤—Ä–µ–∂–¥–µ–Ω–∏–π –∏ –æ—Ç—Ä–∞
                                                  –∂–∞—é—Ç —Ç–æ, –Ω–∞—Å–∫–æ–...

You may provide a definition with
\DeclareUnicodeCharacter 


! LaTeX Error: Unicode character –∂ (U+0436)
               not set up for use with LaTeX.

See the LaTeX manual or LaTeX Companion for explanation.
Type  H <return>  for immediate help.
 ...                                              
                                                  
l.2 ...–Ω—ã—Ö –ø–æ–≤—Ä–µ–∂–¥–µ–Ω–∏–π –∏ –æ—Ç—Ä–∞–∂
                                                  –∞—é—Ç —Ç–æ, –Ω–∞—Å–∫–æ–ª—...

You may provide a definition with
\DeclareUnicodeCharacter 


! LaTeX Error: Unicode character –∞ (U+0430)
               not set up for use with LaTeX.

See the LaTeX manual or LaTeX Companion for explanation.
Type  H <return>  for immediate help.
 ...                                              
                                                  
l.2 ...—ã—Ö –ø–æ–≤—Ä–µ–∂–¥–µ–Ω–∏–π –∏ –æ—Ç—Ä–∞–∂–∞
                                                  —é—Ç —Ç–æ, –Ω–∞—Å–∫–æ–ª—å–...

You may provide a definition with
\DeclareUnicodeCharacter 


! LaTeX Error: Unicode character —é (U+044E)
               not set up for use with LaTeX.

See the LaTeX manual or LaTeX Companion for explanation.
Type  H <return>  for immediate help.
 ...                                              
                                                  
l.2 ...—Ö –ø–æ–≤—Ä–µ–∂–¥–µ–Ω–∏–π –∏ –æ—Ç—Ä–∞–∂–∞—é
                                                  —Ç —Ç–æ, –Ω–∞—Å–∫–æ–ª—å–∫–...

You may provide a definition with
\DeclareUnicodeCharacter 


! LaTeX Error: Unicode character —Ç (U+0442)
               not set up for use with LaTeX.

See the LaTeX manual or LaTeX Companion for explanation.
Type  H <return>  for immediate help.
 ...                                              
                                                  
l.2 ... –ø–æ–≤—Ä–µ–∂–¥–µ–Ω–∏–π –∏ –æ—Ç—Ä–∞–∂–∞—é—Ç
                                                   —Ç–æ, –Ω–∞—Å–∫–æ–ª—å–∫–æ ...

You may provide a definition with
\DeclareUnicodeCharacter 


! LaTeX Error: Unicode character —Ç (U+0442)
               not set up for use with LaTeX.

See the LaTeX manual or LaTeX Companion for explanation.
Type  H <return>  for immediate help.
 ...                                              
                                                  
l.2 ...–æ–≤—Ä–µ–∂–¥–µ–Ω–∏–π –∏ –æ—Ç—Ä–∞–∂–∞—é—Ç —Ç
                                                  –æ, –Ω–∞—Å–∫–æ–ª—å–∫–æ –º–...

You may provide a definition with
\DeclareUnicodeCharacter 


! LaTeX Error: Unicode character –æ (U+043E)
               not set up for use with LaTeX.

See the LaTeX manual or LaTeX Companion for explanation.
Type  H <return>  for immediate help.
 ...                                              
                                                  
l.2 ...–≤—Ä–µ–∂–¥–µ–Ω–∏–π –∏ –æ—Ç—Ä–∞–∂–∞—é—Ç —Ç–æ
                                                  , –Ω–∞—Å–∫–æ–ª—å–∫–æ –º–Ω–...

You may provide a definition with
\DeclareUnicodeCharacter 

Missing character: There is no , in font nullfont!

! LaTeX Error: Unicode character –Ω (U+043D)
               not set up for use with LaTeX.

See the LaTeX manual or LaTeX Companion for explanation.
Type  H <return>  for immediate help.
 ...                                              
                                                  
l.2 ...–µ–∂–¥–µ–Ω–∏–π –∏ –æ—Ç—Ä–∞–∂–∞—é—Ç —Ç–æ, –Ω
                                                  –∞—Å–∫–æ–ª—å–∫–æ –º–Ω–æ–≥–...

You may provide a definition with
\DeclareUnicodeCharacter 


! LaTeX Error: Unicode character –∞ (U+0430)
               not set up for use with LaTeX.

See the LaTeX manual or LaTeX Companion for explanation.
Type  H <return>  for immediate help.
 ...                                              
                                                  
l.2 ...–∂–¥–µ–Ω–∏–π –∏ –æ—Ç—Ä–∞–∂–∞—é—Ç —Ç–æ, –Ω–∞
                                                  —Å–∫–æ–ª—å–∫–æ –º–Ω–æ–≥–æ ...

You may provide a definition with
\DeclareUnicodeCharacter 


! LaTeX Error: Unicode character —Å (U+0441)
               not set up for use with LaTeX.

See the LaTeX manual or LaTeX Companion for explanation.
Type  H <return>  for immediate help.
 ...                                              
                                                  
l.2 ...–¥–µ–Ω–∏–π –∏ –æ—Ç—Ä–∞–∂–∞—é—Ç —Ç–æ, –Ω–∞—Å
                                                  –∫–æ–ª—å–∫–æ –º–Ω–æ–≥–æ —è...

You may provide a definition with
\DeclareUnicodeCharacter 


! LaTeX Error: Unicode character –∫ (U+043A)
               not set up for use with LaTeX.

See the LaTeX manual or LaTeX Companion for explanation.
Type  H <return>  for immediate help.
 ...                                              
                                                  
l.2 ...–µ–Ω–∏–π –∏ –æ—Ç—Ä–∞–∂–∞—é—Ç —Ç–æ, –Ω–∞—Å–∫
                                                  –æ–ª—å–∫–æ –º–Ω–æ–≥–æ —è–¥...

You may provide a definition with
\DeclareUnicodeCharacter 


! LaTeX Error: Unicode character –æ (U+043E)
               not set up for use with LaTeX.

See the LaTeX manual or LaTeX Companion for explanation.
Type  H <return>  for immediate help.
 ...                                              
                                                  
l.2 ...–Ω–∏–π –∏ –æ—Ç—Ä–∞–∂–∞—é—Ç —Ç–æ, –Ω–∞—Å–∫–æ
                                                  –ª—å–∫–æ –º–Ω–æ–≥–æ —è–¥–∞...

You may provide a definition with
\DeclareUnicodeCharacter 


! LaTeX Error: Unicode character –ª (U+043B)
               not set up for use with LaTeX.

See the LaTeX manual or LaTeX Companion for explanation.
Type  H <return>  for immediate help.
 ...                                              
                                                  
l.2 ...–∏–π –∏ –æ—Ç—Ä–∞–∂–∞—é—Ç —Ç–æ, –Ω–∞—Å–∫–æ–ª
                                                  —å–∫–æ –º–Ω–æ–≥–æ —è–¥–∞ –...

You may provide a definition with
\DeclareUnicodeCharacter 


! LaTeX Error: Unicode character —å (U+044C)
               not set up for use with LaTeX.

See the LaTeX manual or LaTeX Companion for explanation.
Type  H <return>  for immediate help.
 ...                                              
                                                  
l.2 ...–π –∏ –æ—Ç—Ä–∞–∂–∞—é—Ç —Ç–æ, –Ω–∞—Å–∫–æ–ª—å
                                                  –∫–æ –º–Ω–æ–≥–æ —è–¥–∞ –ø–...

You may provide a definition with
\DeclareUnicodeCharacter 


! LaTeX Error: Unicode character –∫ (U+043A)
               not set up for use with LaTeX.

See the LaTeX manual or LaTeX Companion for explanation.
Type  H <return>  for immediate help.
 ...                                              
                                                  
l.2 ... –∏ –æ—Ç—Ä–∞–∂–∞—é—Ç —Ç–æ, –Ω–∞—Å–∫–æ–ª—å–∫
                                                  –æ –º–Ω–æ–≥–æ —è–¥–∞ –ø–æ–...

You may provide a definition with
\DeclareUnicodeCharacter 


! LaTeX Error: Unicode character –æ (U+043E)
               not set up for use with LaTeX.

See the LaTeX manual or LaTeX Companion for explanation.
Type  H <return>  for immediate help.
 ...                                              
                                                  
l.2 ...∏ –æ—Ç—Ä–∞–∂–∞—é—Ç —Ç–æ, –Ω–∞—Å–∫–æ–ª—å–∫–æ
                                                   –º–Ω–æ–≥–æ —è–¥–∞ –ø–æ–ø–...

You may provide a definition with
\DeclareUnicodeCharacter 


! LaTeX Error: Unicode character –º (U+043C)
               not set up for use with LaTeX.

See the LaTeX manual or LaTeX Companion for explanation.
Type  H <return>  for immediate help.
 ...                                              
                                                  
l.2 ...æ—Ç—Ä–∞–∂–∞—é—Ç —Ç–æ, –Ω–∞—Å–∫–æ–ª—å–∫–æ –º
                                                  –Ω–æ–≥–æ —è–¥–∞ –ø–æ–ø–∞–ª...

You may provide a definition with
\DeclareUnicodeCharacter 


! LaTeX Error: Unicode character –Ω (U+043D)
               not set up for use with LaTeX.

See the LaTeX manual or LaTeX Companion for explanation.
Type  H <return>  for immediate help.
 ...                                              
                                                  
l.2 ...Ç—Ä–∞–∂–∞—é—Ç —Ç–æ, –Ω–∞—Å–∫–æ–ª—å–∫–æ –º–Ω
                                                  –æ–≥–æ —è–¥–∞ –ø–æ–ø–∞–ª–æ...

You may provide a definition with
\DeclareUnicodeCharacter 


! LaTeX Error: Unicode character –æ (U+043E)
               not set up for use with LaTeX.

See the LaTeX manual or LaTeX Companion for explanation.
Type  H <return>  for immediate help.
 ...                                              
                                                  
l.2 ...Ä–∞–∂–∞—é—Ç —Ç–æ, –Ω–∞—Å–∫–æ–ª—å–∫–æ –º–Ω–æ
                                                  –≥–æ —è–¥–∞ –ø–æ–ø–∞–ª–æ –...

You may provide a definition with
\DeclareUnicodeCharacter 


! LaTeX Error: Unicode character –≥ (U+0433)
               not set up for use with LaTeX.

See the LaTeX manual or LaTeX Companion for explanation.
Type  H <return>  for immediate help.
 ...                                              
                                                  
l.2 ...∞–∂–∞—é—Ç —Ç–æ, –Ω–∞—Å–∫–æ–ª—å–∫–æ –º–Ω–æ–≥
                                                  –æ —è–¥–∞ –ø–æ–ø–∞–ª–æ –≤ ...

You may provide a definition with
\DeclareUnicodeCharacter 


! LaTeX Error: Unicode character –æ (U+043E)
               not set up for use with LaTeX.

See the LaTeX manual or LaTeX Companion for explanation.
Type  H <return>  for immediate help.
 ...                                              
                                                  
l.2 ...∂–∞—é—Ç —Ç–æ, –Ω–∞—Å–∫–æ–ª—å–∫–æ –º–Ω–æ–≥–æ
                                                   —è–¥–∞ –ø–æ–ø–∞–ª–æ –≤ –æ...

You may provide a definition with
\DeclareUnicodeCharacter 


! LaTeX Error: Unicode character —è (U+044F)
               not set up for use with LaTeX.

See the LaTeX manual or LaTeX Companion for explanation.
Type  H <return>  for immediate help.
 ...                                              
                                                  
l.2 ...—é—Ç —Ç–æ, –Ω–∞—Å–∫–æ–ª—å–∫–æ –º–Ω–æ–≥–æ —è
                                                  –¥–∞ –ø–æ–ø–∞–ª–æ –≤ –æ—Ä–...

You may provide a definition with
\DeclareUnicodeCharacter 


! LaTeX Error: Unicode character –¥ (U+0434)
               not set up for use with LaTeX.

See the LaTeX manual or LaTeX Companion for explanation.
Type  H <return>  for immediate help.
 ...                                              
                                                  
l.2 ...—Ç —Ç–æ, –Ω–∞—Å–∫–æ–ª—å–∫–æ –º–Ω–æ–≥–æ —è–¥
                                                  –∞ –ø–æ–ø–∞–ª–æ –≤ –æ—Ä–≥–...

You may provide a definition with
\DeclareUnicodeCharacter 


! LaTeX Error: Unicode character –∞ (U+0430)
               not set up for use with LaTeX.

See the LaTeX manual or LaTeX Companion for explanation.
Type  H <return>  for immediate help.
 ...                                              
                                                  
l.2 ... —Ç–æ, –Ω–∞—Å–∫–æ–ª—å–∫–æ –º–Ω–æ–≥–æ —è–¥–∞
                                                   –ø–æ–ø–∞–ª–æ –≤ –æ—Ä–≥–∞–...

You may provide a definition with
\DeclareUnicodeCharacter 


! LaTeX Error: Unicode character –ø (U+043F)
               not set up for use with LaTeX.

See the LaTeX manual or LaTeX Companion for explanation.
Type  H <return>  for immediate help.
 ...                                              
                                                  
l.2 ...–æ, –Ω–∞—Å–∫–æ–ª—å–∫–æ –º–Ω–æ–≥–æ —è–¥–∞ –ø
                                                  –æ–ø–∞–ª–æ –≤ –æ—Ä–≥–∞–Ω–∏...

You may provide a definition with
\DeclareUnicodeCharacter 


! LaTeX Error: Unicode character –æ (U+043E)
               not set up for use with LaTeX.

See the LaTeX manual or LaTeX Companion for explanation.
Type  H <return>  for immediate help.
 ...                                              
                                                  
l.2 ..., –Ω–∞—Å–∫–æ–ª—å–∫–æ –º–Ω–æ–≥–æ —è–¥–∞ –ø–æ
                                                  –ø–∞–ª–æ –≤ –æ—Ä–≥–∞–Ω–∏–∑...

You may provide a definition with
\DeclareUnicodeCharacter 


! LaTeX Error: Unicode character –ø (U+043F)
               not set up for use with LaTeX.

See the LaTeX manual or LaTeX Companion for explanation.
Type  H <return>  for immediate help.
 ...                                              
                                                  
l.2 ...–Ω–∞—Å–∫–æ–ª—å–∫–æ –º–Ω–æ–≥–æ —è–¥–∞ –ø–æ–ø
                                                  –∞–ª–æ –≤ –æ—Ä–≥–∞–Ω–∏–∑–º...

You may provide a definition with
\DeclareUnicodeCharacter 


! LaTeX Error: Unicode character –∞ (U+0430)
               not set up for use with LaTeX.

See the LaTeX manual or LaTeX Companion for explanation.
Type  H <return>  for immediate help.
 ...                                              
                                                  
l.2 ...–∞—Å–∫–æ–ª—å–∫–æ –º–Ω–æ–≥–æ —è–¥–∞ –ø–æ–ø–∞
                                                  –ª–æ –≤ –æ—Ä–≥–∞–Ω–∏–∑–º –...

You may provide a definition with
\DeclareUnicodeCharacter 


! LaTeX Error: Unicode character –ª (U+043B)
               not set up for use with LaTeX.

See the LaTeX manual or LaTeX Companion for explanation.
Type  H <return>  for immediate help.
 ...                                              
                                                  
l.2 ...—Å–∫–æ–ª—å–∫–æ –º–Ω–æ–≥–æ —è–¥–∞ –ø–æ–ø–∞–ª
                                                  –æ –≤ –æ—Ä–≥–∞–Ω–∏–∑–º –∏ ...

You may provide a definition with
\DeclareUnicodeCharacter 


! LaTeX Error: Unicode character –æ (U+043E)
               not set up for use with LaTeX.

See the LaTeX manual or LaTeX Companion for explanation.
Type  H <return>  for immediate help.
 ...                                              
                                                  
l.2 ...–∫–æ–ª—å–∫–æ –º–Ω–æ–≥–æ —è–¥–∞ –ø–æ–ø–∞–ª–æ
                                                   –≤ –æ—Ä–≥–∞–Ω–∏–∑–º –∏ —Å...

You may provide a definition with
\DeclareUnicodeCharacter 


! LaTeX Error: Unicode character –≤ (U+0432)
               not set up for use with LaTeX.

See the LaTeX manual or LaTeX Companion for explanation.
Type  H <return>  for immediate help.
 ...                                              
                                                  
l.2 ...æ–ª—å–∫–æ –º–Ω–æ–≥–æ —è–¥–∞ –ø–æ–ø–∞–ª–æ –≤
                                                   –æ—Ä–≥–∞–Ω–∏–∑–º –∏ —Å–∫–...

You may provide a definition with
\DeclareUnicodeCharacter 


! LaTeX Error: Unicode character –æ (U+043E)
               not set up for use with LaTeX.

See the LaTeX manual or LaTeX Companion for explanation.
Type  H <return>  for immediate help.
 ...                                              
                                                  
l.2 ...—å–∫–æ –º–Ω–æ–≥–æ —è–¥–∞ –ø–æ–ø–∞–ª–æ –≤ –æ
                                                  —Ä–≥–∞–Ω–∏–∑–º –∏ —Å–∫–æ–ª...

You may provide a definition with
\DeclareUnicodeCharacter 


! LaTeX Error: Unicode character —Ä (U+0440)
               not set up for use with LaTeX.

See the LaTeX manual or LaTeX Companion for explanation.
Type  H <return>  for immediate help.
 ...                                              
                                                  
l.2 ...–∫–æ –º–Ω–æ–≥–æ —è–¥–∞ –ø–æ–ø–∞–ª–æ –≤ –æ—Ä
                                                  –≥–∞–Ω–∏–∑–º –∏ —Å–∫–æ–ª—å...

You may provide a definition with
\DeclareUnicodeCharacter 


! LaTeX Error: Unicode character –≥ (U+0433)
               not set up for use with LaTeX.

See the LaTeX manual or LaTeX Companion for explanation.
Type  H <return>  for immediate help.
 ...                                              
                                                  
l.2 ...–æ –º–Ω–æ–≥–æ —è–¥–∞ –ø–æ–ø–∞–ª–æ –≤ –æ—Ä–≥
                                                  –∞–Ω–∏–∑–º –∏ —Å–∫–æ–ª—å–∫...

You may provide a definition with
\DeclareUnicodeCharacter 


! LaTeX Error: Unicode character –∞ (U+0430)
               not set up for use with LaTeX.

See the LaTeX manual or LaTeX Companion for explanation.
Type  H <return>  for immediate help.
 ...                                              
                                                  
l.2 ... –º–Ω–æ–≥–æ —è–¥–∞ –ø–æ–ø–∞–ª–æ –≤ –æ—Ä–≥–∞
                                                  –Ω–∏–∑–º –∏ —Å–∫–æ–ª—å–∫–æ...

You may provide a definition with
\DeclareUnicodeCharacter 


! LaTeX Error: Unicode character –Ω (U+043D)
               not set up for use with LaTeX.

See the LaTeX manual or LaTeX Companion for explanation.
Type  H <return>  for immediate help.
 ...                                              
                                                  
l.2 ...º–Ω–æ–≥–æ —è–¥–∞ –ø–æ–ø–∞–ª–æ –≤ –æ—Ä–≥–∞–Ω
                                                  –∏–∑–º –∏ —Å–∫–æ–ª—å–∫–æ –...

You may provide a definition with
\DeclareUnicodeCharacter 


! LaTeX Error: Unicode character –∏ (U+0438)
               not set up for use with LaTeX.

See the LaTeX manual or LaTeX Companion for explanation.
Type  H <return>  for immediate help.
 ...                                              
                                                  
l.2 ...Ω–æ–≥–æ —è–¥–∞ –ø–æ–ø–∞–ª–æ –≤ –æ—Ä–≥–∞–Ω–∏
                                                  –∑–º –∏ —Å–∫–æ–ª—å–∫–æ –µ—...
(That makes 100 errors; please try again.) 
Here is how much of TeX's memory you used:
 46 strings out of 478621
 726 string characters out of 2854409
 295824 words of memory out of 3000000
 18269 multiletter control sequences out of 15000+600000
 403430 words of font info for 27 fonts, out of 8000000 for 9000
 1141 hyphenation exceptions out of 8191
 13i,0n,12p,380b,28s stack positions out of 5000i,500n,10000p,200000b,80000s

!  ==> Fatal error occurred, no output PDF file produced!
